# JRE version: Java(TM) SE Runtime Environment (13.0.2+8) (build 13.0.2+8)
# Java VM: Java HotSpot(TM) 64-Bit Server VM (13.0.2+8, mixed mode, sharing, tiered, compressed oops, g1 gc, windows-amd64)
Heap:
 garbage-first heap   total 129024K, used 15065K [0x0000000082400000, 0x0000000100000000)
  region size 1024K, 13 young (13312K), 9 survivors (9216K)
 Metaspace       used 14656K, capacity 16220K, committed 16512K, reserved 1064960K
  class space    used 1619K, capacity 1877K, committed 1920K, reserved 1048576K
GC Heap History (6 events):
Event: 1.662 GC heap before
{Heap before GC invocations=0 (full 0):
 garbage-first heap   total 129024K, used 24576K [0x0000000082400000, 0x0000000100000000)
  region size 1024K, 24 young (24576K), 0 survivors (0K)
 Metaspace       used 5196K, capacity 7816K, committed 8064K, reserved 1056768K
  class space    used 613K, capacity 885K, committed 896K, reserved 1048576K
}
Event: 1.689 GC heap after
{Heap after GC invocations=1 (full 0):
 garbage-first heap   total 129024K, used 3501K [0x0000000082400000, 0x0000000100000000)
  region size 1024K, 3 young (3072K), 3 survivors (3072K)
 Metaspace       used 5196K, capacity 7816K, committed 8064K, reserved 1056768K
  class space    used 613K, capacity 885K, committed 896K, reserved 1048576K
}
Event: 5.161 GC heap before
{Heap before GC invocations=1 (full 0):
 garbage-first heap   total 129024K, used 77229K [0x0000000082400000, 0x0000000100000000)
  region size 1024K, 75 young (76800K), 3 survivors (3072K)
 Metaspace       used 13002K, capacity 14768K, committed 14848K, reserved 1062912K
  class space    used 1507K, capacity 1757K, committed 1792K, reserved 1048576K
}
Event: 5.222 GC heap after
{Heap after GC invocations=2 (full 0):
 garbage-first heap   total 129024K, used 8265K [0x0000000082400000, 0x0000000100000000)
  region size 1024K, 8 young (8192K), 8 survivors (8192K)
 Metaspace       used 13002K, capacity 14768K, committed 14848K, reserved 1062912K
  class space    used 1507K, capacity 1757K, committed 1792K, reserved 1048576K
}
Event: 8.581 GC heap before
{Heap before GC invocations=2 (full 0):
 garbage-first heap   total 129024K, used 76873K [0x0000000082400000, 0x0000000100000000)
  region size 1024K, 75 young (76800K), 8 survivors (8192K)
 Metaspace       used 14437K, capacity 16028K, committed 16256K, reserved 1062912K
  class space    used 1599K, capacity 1877K, committed 1920K, reserved 1048576K
}
Event: 8.604 GC heap after
{Heap after GC invocations=3 (full 0):
 garbage-first heap   total 129024K, used 11993K [0x0000000082400000, 0x0000000100000000)
  region size 1024K, 9 young (9216K), 9 survivors (9216K)
 Metaspace       used 14437K, capacity 16028K, committed 16256K, reserved 1062912K
  class space    used 1599K, capacity 1877K, committed 1920K, reserved 1048576K
}

