# JRE version: Java(TM) SE Runtime Environment (13.0.2+8) (build 13.0.2+8)
# Java VM: Java HotSpot(TM) 64-Bit Server VM (13.0.2+8, mixed mode, sharing, tiered, compressed oops, g1 gc, windows-amd64)
Heap:
 garbage-first heap   total 82944K, used 39733K [0x0000000082400000, 0x0000000100000000)
  region size 1024K, 2 young (2048K), 2 survivors (2048K)
 Metaspace       used 32100K, capacity 32850K, committed 32896K, reserved 1079296K
  class space    used 3682K, capacity 3929K, committed 3968K, reserved 1048576K
GC Heap History (20 events):
Event: 7.857 GC heap after
{Heap after GC invocations=5 (full 0):
 garbage-first heap   total 48128K, used 14961K [0x0000000082400000, 0x0000000100000000)
  region size 1024K, 3 young (3072K), 3 survivors (3072K)
 Metaspace       used 21113K, capacity 21556K, committed 21888K, reserved 1069056K
  class space    used 2447K, capacity 2587K, committed 2688K, reserved 1048576K
}
Event: 8.650 GC heap before
{Heap before GC invocations=5 (full 0):
 garbage-first heap   total 48128K, used 34417K [0x0000000082400000, 0x0000000100000000)
  region size 1024K, 22 young (22528K), 3 survivors (3072K)
 Metaspace       used 21822K, capacity 22297K, committed 22400K, reserved 1069056K
  class space    used 2515K, capacity 2663K, committed 2688K, reserved 1048576K
}
Event: 8.657 GC heap after
{Heap after GC invocations=6 (full 0):
 garbage-first heap   total 48128K, used 15887K [0x0000000082400000, 0x0000000100000000)
  region size 1024K, 2 young (2048K), 2 survivors (2048K)
 Metaspace       used 21822K, capacity 22297K, committed 22400K, reserved 1069056K
  class space    used 2515K, capacity 2663K, committed 2688K, reserved 1048576K
}
Event: 9.214 GC heap before
{Heap before GC invocations=6 (full 0):
 garbage-first heap   total 48128K, used 35343K [0x0000000082400000, 0x0000000100000000)
  region size 1024K, 21 young (21504K), 2 survivors (2048K)
 Metaspace       used 22550K, capacity 23104K, committed 23296K, reserved 1069056K
  class space    used 2575K, capacity 2744K, committed 2816K, reserved 1048576K
}
Event: 9.227 GC heap after
{Heap after GC invocations=7 (full 0):
 garbage-first heap   total 48128K, used 16592K [0x0000000082400000, 0x0000000100000000)
  region size 1024K, 2 young (2048K), 2 survivors (2048K)
 Metaspace       used 22550K, capacity 23104K, committed 23296K, reserved 1069056K
  class space    used 2575K, capacity 2744K, committed 2816K, reserved 1048576K
}
Event: 10.739 GC heap before
{Heap before GC invocations=7 (full 0):
 garbage-first heap   total 48128K, used 35024K [0x0000000082400000, 0x0000000100000000)
  region size 1024K, 21 young (21504K), 2 survivors (2048K)
 Metaspace       used 25294K, capacity 25862K, committed 26112K, reserved 1073152K
  class space    used 2891K, capacity 3049K, committed 3072K, reserved 1048576K
}
Event: 10.784 GC heap after
{Heap after GC invocations=8 (full 0):
 garbage-first heap   total 58368K, used 17805K [0x0000000082400000, 0x0000000100000000)
  region size 1024K, 3 young (3072K), 3 survivors (3072K)
 Metaspace       used 25294K, capacity 25862K, committed 26112K, reserved 1073152K
  class space    used 2891K, capacity 3049K, committed 3072K, reserved 1048576K
}
Event: 11.506 GC heap before
{Heap before GC invocations=8 (full 0):
 garbage-first heap   total 58368K, used 39309K [0x0000000082400000, 0x0000000100000000)
  region size 1024K, 25 young (25600K), 3 survivors (3072K)
 Metaspace       used 30409K, capacity 31056K, committed 31232K, reserved 1077248K
  class space    used 3507K, capacity 3720K, committed 3840K, reserved 1048576K
}
Event: 11.516 GC heap after
{Heap after GC invocations=9 (full 0):
 garbage-first heap   total 58368K, used 25785K [0x0000000082400000, 0x0000000100000000)
  region size 1024K, 4 young (4096K), 4 survivors (4096K)
 Metaspace       used 30409K, capacity 31056K, committed 31232K, reserved 1077248K
  class space    used 3507K, capacity 3720K, committed 3840K, reserved 1048576K
}
Event: 12.297 GC heap before
{Heap before GC invocations=9 (full 0):
 garbage-first heap   total 58368K, used 41145K [0x0000000082400000, 0x0000000100000000)
  region size 1024K, 20 young (20480K), 4 survivors (4096K)
 Metaspace       used 30474K, capacity 31120K, committed 31488K, reserved 1077248K
  class space    used 3507K, capacity 3720K, committed 3840K, reserved 1048576K
}
Event: 12.309 GC heap after
{Heap after GC invocations=10 (full 0):
 garbage-first heap   total 58368K, used 30657K [0x0000000082400000, 0x0000000100000000)
  region size 1024K, 3 young (3072K), 3 survivors (3072K)
 Metaspace       used 30474K, capacity 31120K, committed 31488K, reserved 1077248K
  class space    used 3507K, capacity 3720K, committed 3840K, reserved 1048576K
}
Event: 12.529 GC heap before
{Heap before GC invocations=10 (full 0):
 garbage-first heap   total 58368K, used 41921K [0x0000000082400000, 0x0000000100000000)
  region size 1024K, 15 young (15360K), 3 survivors (3072K)
 Metaspace       used 30621K, capacity 31321K, committed 31488K, reserved 1077248K
  class space    used 3523K, capacity 3766K, committed 3840K, reserved 1048576K
}
Event: 12.537 GC heap after
{Heap after GC invocations=11 (full 0):
 garbage-first heap   total 58368K, used 32976K [0x0000000082400000, 0x0000000100000000)
  region size 1024K, 2 young (2048K), 2 survivors (2048K)
 Metaspace       used 30621K, capacity 31321K, committed 31488K, reserved 1077248K
  class space    used 3523K, capacity 3766K, committed 3840K, reserved 1048576K
}
Event: 12.941 GC heap before
{Heap before GC invocations=12 (full 0):
 garbage-first heap   total 60416K, used 43216K [0x0000000082400000, 0x0000000100000000)
  region size 1024K, 13 young (13312K), 2 survivors (2048K)
 Metaspace       used 30990K, capacity 31765K, committed 32000K, reserved 1077248K
  class space    used 3560K, capacity 3826K, committed 3840K, reserved 1048576K
}
Event: 12.955 GC heap after
{Heap after GC invocations=13 (full 0):
 garbage-first heap   total 60416K, used 35664K [0x0000000082400000, 0x0000000100000000)
  region size 1024K, 2 young (2048K), 2 survivors (2048K)
 Metaspace       used 30990K, capacity 31765K, committed 32000K, reserved 1077248K
  class space    used 3560K, capacity 3826K, committed 3840K, reserved 1048576K
}
Event: 13.336 GC heap before
{Heap before GC invocations=13 (full 0):
 garbage-first heap   total 60416K, used 44880K [0x0000000082400000, 0x0000000100000000)
  region size 1024K, 12 young (12288K), 2 survivors (2048K)
 Metaspace       used 31957K, capacity 32710K, committed 32896K, reserved 1079296K
  class space    used 3674K, capacity 3925K, committed 3968K, reserved 1048576K
}
Event: 13.361 GC heap after
{Heap after GC invocations=14 (full 0):
 garbage-first heap   total 60416K, used 37638K [0x0000000082400000, 0x0000000100000000)
  region size 1024K, 2 young (2048K), 2 survivors (2048K)
 Metaspace       used 31957K, capacity 32710K, committed 32896K, reserved 1079296K
  class space    used 3674K, capacity 3925K, committed 3968K, reserved 1048576K
}
Event: 13.849 GC heap before
{Heap before GC invocations=15 (full 0):
 garbage-first heap   total 68608K, used 47878K [0x0000000082400000, 0x0000000100000000)
  region size 1024K, 11 young (11264K), 2 survivors (2048K)
 Metaspace       used 32074K, capacity 32722K, committed 32896K, reserved 1079296K
  class space    used 3682K, capacity 3929K, committed 3968K, reserved 1048576K
}
Event: 13.873 GC heap after
{Heap after GC invocations=16 (full 0):
 garbage-first heap   total 68608K, used 39466K [0x0000000082400000, 0x0000000100000000)
  region size 1024K, 1 young (1024K), 1 survivors (1024K)
 Metaspace       used 32074K, capacity 32722K, committed 32896K, reserved 1079296K
  class space    used 3682K, capacity 3929K, committed 3968K, reserved 1048576K
}
Event: 14.133 GC heap before
{Heap before GC invocations=16 (full 0):
 garbage-first heap   total 68608K, used 50730K [0x0000000082400000, 0x0000000100000000)
  region size 1024K, 12 young (12288K), 1 survivors (1024K)
 Metaspace       used 32100K, capacity 32850K, committed 32896K, reserved 1079296K
  class space    used 3682K, capacity 3929K, committed 3968K, reserved 1048576K
}

