<?xml version="1.0" encoding="UTF-8"?>
<testng-results ignored="0" total="3" passed="3" failed="0" skipped="0">
  <reporter-output>
  </reporter-output>
  <suite started-at="2026-03-20T20:57:32 IST" name="Parallel Browser Suite" finished-at="2026-03-20T20:58:19 IST" duration-ms="46428">
    <groups>
      <group name="cucumber">
        <method signature="AbstractTestNGCucumberTests.runScenario(io.cucumber.testng.PickleWrapper,io.cucumber.testng.FeatureWrapper)[pri:0, instance:com.example.runner.TestRunner@4f83df68]" name="runScenario" class="io.cucumber.testng.AbstractTestNGCucumberTests"/>
        <method signature="AbstractTestNGCucumberTests.runScenario(io.cucumber.testng.PickleWrapper,io.cucumber.testng.FeatureWrapper)[pri:0, instance:com.example.runner.TestRunner@1bb5a082]" name="runScenario" class="io.cucumber.testng.AbstractTestNGCucumberTests"/>
        <method signature="AbstractTestNGCucumberTests.runScenario(io.cucumber.testng.PickleWrapper,io.cucumber.testng.FeatureWrapper)[pri:0, instance:com.example.runner.TestRunner@41d477ed]" name="runScenario" class="io.cucumber.testng.AbstractTestNGCucumberTests"/>
      </group> <!-- cucumber -->
    </groups>
    <test started-at="2026-03-20T20:57:32 IST" name="Chrome Tests" finished-at="2026-03-20T20:58:04 IST" duration-ms="31394">
      <class name="com.example.runner.TestRunner">
        <test-method is-config="true" signature="setUpBrowser(java.lang.String)[pri:0, instance:com.example.runner.TestRunner@4f83df68]" started-at="2026-03-20T20:57:32 IST" name="setUpBrowser" finished-at="2026-03-20T20:57:33 IST" duration-ms="39" status="PASS">
          <params>
            <param index="0">
              <value>
                <![CDATA[chrome]]>
              </value>
            </param>
          </params>
          <reporter-output>
          </reporter-output>
        </test-method> <!-- setUpBrowser -->
        <test-method is-config="true" signature="setUpClass(org.testng.ITestContext)[pri:0, instance:com.example.runner.TestRunner@4f83df68]" started-at="2026-03-20T20:57:33 IST" name="setUpClass" finished-at="2026-03-20T20:57:34 IST" duration-ms="1130" status="PASS">
          <params>
            <param index="0">
              <value>
                <![CDATA[org.testng.TestRunner@544fa968]]>
              </value>
            </param>
          </params>
          <reporter-output>
          </reporter-output>
        </test-method> <!-- setUpClass -->
        <test-method signature="runScenario(io.cucumber.testng.PickleWrapper,io.cucumber.testng.FeatureWrapper)[pri:0, instance:com.example.runner.TestRunner@4f83df68]" started-at="2026-03-20T20:57:34 IST" name="runScenario" description="Runs Cucumber Scenarios" data-provider="scenarios" finished-at="2026-03-20T20:58:03 IST" duration-ms="29675" status="PASS">
          <params>
            <param index="0">
              <value>
                <![CDATA["Open herokuapp.com and verify title"]]>
              </value>
            </param>
            <param index="1">
              <value>
                <![CDATA["Test herokuapp scenarios"]]>
              </value>
            </param>
          </params>
          <reporter-output>
          </reporter-output>
        </test-method> <!-- runScenario -->
        <test-method is-config="true" signature="tearDownClass()[pri:0, instance:com.example.runner.TestRunner@4f83df68]" started-at="2026-03-20T20:58:03 IST" name="tearDownClass" finished-at="2026-03-20T20:58:04 IST" duration-ms="416" status="PASS">
          <reporter-output>
          </reporter-output>
        </test-method> <!-- tearDownClass -->
      </class> <!-- com.example.runner.TestRunner -->
    </test> <!-- Chrome Tests -->
    <test started-at="2026-03-20T20:57:32 IST" name="Edge Tests" finished-at="2026-03-20T20:58:08 IST" duration-ms="35511">
      <class name="com.example.runner.TestRunner">
        <test-method is-config="true" signature="setUpBrowser(java.lang.String)[pri:0, instance:com.example.runner.TestRunner@41d477ed]" started-at="2026-03-20T20:57:32 IST" name="setUpBrowser" finished-at="2026-03-20T20:57:33 IST" duration-ms="39" status="PASS">
          <params>
            <param index="0">
              <value>
                <![CDATA[edge]]>
              </value>
            </param>
          </params>
          <reporter-output>
          </reporter-output>
        </test-method> <!-- setUpBrowser -->
        <test-method is-config="true" signature="setUpClass(org.testng.ITestContext)[pri:0, instance:com.example.runner.TestRunner@41d477ed]" started-at="2026-03-20T20:57:33 IST" name="setUpClass" finished-at="2026-03-20T20:57:34 IST" duration-ms="1130" status="PASS">
          <params>
            <param index="0">
              <value>
                <![CDATA[org.testng.TestRunner@d35dea7]]>
              </value>
            </param>
          </params>
          <reporter-output>
          </reporter-output>
        </test-method> <!-- setUpClass -->
        <test-method signature="runScenario(io.cucumber.testng.PickleWrapper,io.cucumber.testng.FeatureWrapper)[pri:0, instance:com.example.runner.TestRunner@41d477ed]" started-at="2026-03-20T20:57:34 IST" name="runScenario" description="Runs Cucumber Scenarios" data-provider="scenarios" finished-at="2026-03-20T20:58:08 IST" duration-ms="33981" status="PASS">
          <params>
            <param index="0">
              <value>
                <![CDATA["Open herokuapp.com and verify title"]]>
              </value>
            </param>
            <param index="1">
              <value>
                <![CDATA["Test herokuapp scenarios"]]>
              </value>
            </param>
          </params>
          <reporter-output>
          </reporter-output>
        </test-method> <!-- runScenario -->
        <test-method is-config="true" signature="tearDownClass()[pri:0, instance:com.example.runner.TestRunner@41d477ed]" started-at="2026-03-20T20:58:08 IST" name="tearDownClass" finished-at="2026-03-20T20:58:08 IST" duration-ms="253" status="PASS">
          <reporter-output>
          </reporter-output>
        </test-method> <!-- tearDownClass -->
      </class> <!-- com.example.runner.TestRunner -->
    </test> <!-- Edge Tests -->
    <test started-at="2026-03-20T20:57:32 IST" name="Firefox Tests" finished-at="2026-03-20T20:58:19 IST" duration-ms="46428">
      <class name="com.example.runner.TestRunner">
        <test-method is-config="true" signature="setUpBrowser(java.lang.String)[pri:0, instance:com.example.runner.TestRunner@1bb5a082]" started-at="2026-03-20T20:57:32 IST" name="setUpBrowser" finished-at="2026-03-20T20:57:33 IST" duration-ms="39" status="PASS">
          <params>
            <param index="0">
              <value>
                <![CDATA[firefox]]>
              </value>
            </param>
          </params>
          <reporter-output>
          </reporter-output>
        </test-method> <!-- setUpBrowser -->
        <test-method is-config="true" signature="setUpClass(org.testng.ITestContext)[pri:0, instance:com.example.runner.TestRunner@1bb5a082]" started-at="2026-03-20T20:57:33 IST" name="setUpClass" finished-at="2026-03-20T20:57:34 IST" duration-ms="1130" status="PASS">
          <params>
            <param index="0">
              <value>
                <![CDATA[org.testng.TestRunner@247bddad]]>
              </value>
            </param>
          </params>
          <reporter-output>
          </reporter-output>
        </test-method> <!-- setUpClass -->
        <test-method signature="runScenario(io.cucumber.testng.PickleWrapper,io.cucumber.testng.FeatureWrapper)[pri:0, instance:com.example.runner.TestRunner@1bb5a082]" started-at="2026-03-20T20:57:34 IST" name="runScenario" description="Runs Cucumber Scenarios" data-provider="scenarios" finished-at="2026-03-20T20:58:19 IST" duration-ms="45079" status="PASS">
          <params>
            <param index="0">
              <value>
                <![CDATA["Open herokuapp.com and verify title"]]>
              </value>
            </param>
            <param index="1">
              <value>
                <![CDATA["Test herokuapp scenarios"]]>
              </value>
            </param>
          </params>
          <reporter-output>
          </reporter-output>
        </test-method> <!-- runScenario -->
        <test-method is-config="true" signature="tearDownClass()[pri:0, instance:com.example.runner.TestRunner@1bb5a082]" started-at="2026-03-20T20:58:19 IST" name="tearDownClass" finished-at="2026-03-20T20:58:19 IST" duration-ms="73" status="PASS">
          <reporter-output>
          </reporter-output>
        </test-method> <!-- tearDownClass -->
      </class> <!-- com.example.runner.TestRunner -->
    </test> <!-- Firefox Tests -->
  </suite> <!-- Parallel Browser Suite -->
</testng-results>
