<?xml version="1.0" encoding="UTF-8"?>
<!-- Generated by org.testng.reporters.JUnitReportReporter -->
<testsuite hostname="DESKTOP-PCV1V6S" failures="0" tests="3" name="com.example.runner.TestRunner" time="138.705" errors="0" timestamp="2026-03-16T22:32:38 IST" skipped="0">
  <testcase classname="com.example.runner.TestRunner" name="runScenario" time="39.823"/>
  <testcase classname="com.example.runner.TestRunner" name="runScenario" time="51.392"/>
  <testcase classname="com.example.runner.TestRunner" name="runScenario" time="47.490"/>
</testsuite> <!-- com.example.runner.TestRunner -->
