<?xml version="1.0" encoding="UTF-8"?>
<!-- Generated by org.testng.reporters.JUnitReportReporter -->
<testsuite hostname="DESKTOP-PCV1V6S" failures="0" tests="3" name="com.example.runner.TestRunner" time="108.735" errors="0" timestamp="2026-03-20T20:58:20 IST" skipped="0">
  <testcase classname="com.example.runner.TestRunner" name="runScenario" time="29.675"/>
  <testcase classname="com.example.runner.TestRunner" name="runScenario" time="33.981"/>
  <testcase classname="com.example.runner.TestRunner" name="runScenario" time="45.079"/>
</testsuite> <!-- com.example.runner.TestRunner -->
